Determining if the pthread_create exist failed with the following output:
Change Dir: /home/zm/catkin_ws/src/offb_posctl/cmake-build-debug/CMakeFiles/CMakeTmp

Run Build Command:"/usr/bin/make" "cmTC_86590/fast"
/usr/bin/make -f CMakeFiles/cmTC_86590.dir/build.make CMakeFiles/cmTC_86590.dir/build
make[1]: Entering directory '/home/zm/catkin_ws/src/offb_posctl/cmake-build-debug/CMakeFiles/CMakeTmp'
Building C object CMakeFiles/cmTC_86590.dir/CheckSymbolExists.c.o
/usr/bin/cc    -o CMakeFiles/cmTC_86590.dir/CheckSymbolExists.c.o   -c /home/zm/catkin_ws/src/offb_posctl/cmake-build-debug/CMakeFiles/CMakeTmp/CheckSymbolExists.c
Linking C executable cmTC_86590
/home/zm/setup/clion-2018.2.6/bin/cmake/linux/bin/cmake -E cmake_link_script CMakeFiles/cmTC_86590.dir/link.txt --verbose=1
/usr/bin/cc      -rdynamic CMakeFiles/cmTC_86590.dir/CheckSymbolExists.c.o  -o cmTC_86590 
CMakeFiles/cmTC_86590.dir/CheckSymbolExists.c.o: In function `main':
CheckSymbolExists.c:(.text+0x16): undefined reference to `pthread_create'
collect2: error: ld returned 1 exit status
CMakeFiles/cmTC_86590.dir/build.make:86: recipe for target 'cmTC_86590' failed
make[1]: *** [cmTC_86590] Error 1
make[1]: Leaving directory '/home/zm/catkin_ws/src/offb_posctl/cmake-build-debug/CMakeFiles/CMakeTmp'
Makefile:121: recipe for target 'cmTC_86590/fast' failed
make: *** [cmTC_86590/fast] Error 2

File /home/zm/catkin_ws/src/offb_posctl/cmake-build-debug/CMakeFiles/CMakeTmp/CheckSymbolExists.c:
/* */
#include <pthread.h>

int main(int argc, char** argv)
{
  (void)argv;
#ifndef pthread_create
  return ((int*)(&pthread_create))[argc];
#else
  (void)argc;
  return 0;
#endif
}

Determining if the function pthread_create exists in the pthreads failed with the following output:
Change Dir: /home/zm/catkin_ws/src/offb_posctl/cmake-build-debug/CMakeFiles/CMakeTmp

Run Build Command:"/usr/bin/make" "cmTC_873fc/fast"
/usr/bin/make -f CMakeFiles/cmTC_873fc.dir/build.make CMakeFiles/cmTC_873fc.dir/build
make[1]: Entering directory '/home/zm/catkin_ws/src/offb_posctl/cmake-build-debug/CMakeFiles/CMakeTmp'
Building C object CMakeFiles/cmTC_873fc.dir/CheckFunctionExists.c.o
/usr/bin/cc   -DCHECK_FUNCTION_EXISTS=pthread_create   -o CMakeFiles/cmTC_873fc.dir/CheckFunctionExists.c.o   -c /home/zm/setup/clion-2018.2.6/bin/cmake/linux/share/cmake-3.12/Modules/CheckFunctionExists.c
Linking C executable cmTC_873fc
/home/zm/setup/clion-2018.2.6/bin/cmake/linux/bin/cmake -E cmake_link_script CMakeFiles/cmTC_873fc.dir/link.txt --verbose=1
/usr/bin/cc  -DCHECK_FUNCTION_EXISTS=pthread_create    -rdynamic CMakeFiles/cmTC_873fc.dir/CheckFunctionExists.c.o  -o cmTC_873fc -lpthreads 
/usr/bin/ld: cannot find -lpthreads
collect2: error: ld returned 1 exit status
CMakeFiles/cmTC_873fc.dir/build.make:86: recipe for target 'cmTC_873fc' failed
make[1]: *** [cmTC_873fc] Error 1
make[1]: Leaving directory '/home/zm/catkin_ws/src/offb_posctl/cmake-build-debug/CMakeFiles/CMakeTmp'
Makefile:121: recipe for target 'cmTC_873fc/fast' failed
make: *** [cmTC_873fc/fast] Error 2


